<?xml version="1.0" encoding="UTF-8"?>
<testng-results skipped="0" failed="0" total="1" passed="1">
  <reporter-output>
  </reporter-output>
  <suite name="Default suite" duration-ms="50" started-at="2017-07-01T01:02:33Z" finished-at="2017-07-01T01:02:33Z">
    <groups>
    </groups>
    <test name="Default test" duration-ms="50" started-at="2017-07-01T01:02:33Z" finished-at="2017-07-01T01:02:33Z">
      <class name="com.movoto.tests.ClickTest">
        <test-method status="PASS" signature="startTest(org.testng.ITestContext)[pri:0, instance:com.movoto.tests.ClickTest@5cb9f472]" name="startTest" is-config="true" duration-ms="14" started-at="2017-06-30T18:02:33Z" finished-at="2017-06-30T18:02:33Z">
          <params>
            <param index="0">
              <value>
                <![CDATA[org.testng.TestRunner@33f88ab]]>
              </value>
            </param>
          </params>
          <reporter-output>
          </reporter-output>
        </test-method> <!-- startTest -->
        <test-method status="PASS" signature="clickTest()[pri:0, instance:com.movoto.tests.ClickTest@5cb9f472]" name="clickTest" duration-ms="16" started-at="2017-06-30T18:02:33Z" finished-at="2017-06-30T18:02:33Z">
          <reporter-output>
          </reporter-output>
        </test-method> <!-- clickTest -->
      </class> <!-- com.movoto.tests.ClickTest -->
    </test> <!-- Default test -->
  </suite> <!-- Default suite -->
</testng-results>
